<?xml version="1.0" encoding="UTF-8"?>
<!-- Generated by org.testng.reporters.JUnitReportReporter -->
<testsuite hostname="DESKTOP-I76BNPF" failures="0" tests="1" name="com.amazon.qa.testCases.LoginPageTest" time="9.459" errors="0" timestamp="2025-05-12T17:31:11 IST" skipped="0">
  <testcase classname="com.amazon.qa.testCases.LoginPageTest" name="loginTest" time="9.459"/>
</testsuite> <!-- com.amazon.qa.testCases.LoginPageTest -->
