<?xml version="1.0" encoding="UTF-8"?>
<!-- Generated by org.testng.reporters.JUnitReportReporter -->
<testsuite hostname="DESKTOP-I76BNPF" failures="0" tests="1" name="com.amazon.qa.testCases.HomePageTest" time="13.239" errors="0" timestamp="2025-05-12T18:24:17 IST" skipped="0">
  <testcase classname="com.amazon.qa.testCases.HomePageTest" name="verifyUserNameTest" time="13.239"/>
</testsuite> <!-- com.amazon.qa.testCases.HomePageTest -->
